[debug] [2026-02-19T21:19:06.407Z] ----------------------------------------------------------------------
[debug] [2026-02-19T21:19:06.413Z] Command:       C:\Program Files\nodejs\node.exe C:\Users\Mukesh MK\AppData\Roaming\npm\node_modules\firebase-tools\lib\bin\firebase.js init hosting
[debug] [2026-02-19T21:19:06.413Z] CLI Version:   15.6.0
[debug] [2026-02-19T21:19:06.413Z] Platform:      win32
[debug] [2026-02-19T21:19:06.413Z] Node Version:  v24.13.0
[debug] [2026-02-19T21:19:06.413Z] Time:          Fri Feb 20 2026 02:49:06 GMT+0530 (India Standard Time)
[debug] [2026-02-19T21:19:06.414Z] ----------------------------------------------------------------------
[debug] 
[info] 
     ######## #### ########  ######## ########     ###     ######  ########
     ##        ##  ##     ## ##       ##     ##  ##   ##  ##       ##
     ######    ##  ########  ######   ########  #########  ######  ######
     ##        ##  ##    ##  ##       ##     ## ##     ##       ## ##
     ##       #### ##     ## ######## ########  ##     ##  ######  ########

You're about to initialize a Firebase project in this directory:

  C:\Users\Mukesh MK\Desktop\code.mk

[info] 
=== Project Setup
[info] 
[info] First, let's associate this project directory with a Firebase project.
[info] You can create multiple project aliases by running firebase use --add, 
[info] 
[debug] [2026-02-19T21:21:53.700Z] ExitPromptError: User force closed the prompt with SIGINT
    at Interface.sigint (C:\Users\Mukesh MK\AppData\Roaming\npm\node_modules\firebase-tools\node_modules\@inquirer\core\dist\commonjs\lib\create-prompt.js:101:37)
    at Interface.emit (node:events:508:28)
    at [_ttyWrite] [as _ttyWrite] (node:internal/readline/interface:1327:18)
    at ReadStream.onkeypress (node:internal/readline/interface:284:20)
    at ReadStream.emit (node:events:520:35)
    at emitKeys (node:internal/readline/utils:371:14)
    at emitKeys.next (<anonymous>)
    at ReadStream.onData (node:internal/readline/emitKeypressEvents:64:36)
    at ReadStream.emit (node:events:508:28)
    at addChunk (node:internal/streams/readable:559:12)
[error] 
[error] Error: An unexpected error has occurred.
